0 info it worked if it ends with ok
1 verbose cli [ '/usr/local/bin/node',
1 verbose cli   '/usr/local/bin/npm',
1 verbose cli   'install',
1 verbose cli   'node-sass',
1 verbose cli   '-g' ]
2 info using npm@2.14.20
3 info using node@v4.4.0
4 verbose install initial load of /usr/local/lib/package.json
5 verbose readDependencies loading dependencies from /usr/local/lib/package.json
6 silly cache add args [ 'node-sass', null ]
7 verbose cache add spec node-sass
8 silly cache add parsed spec Result {
8 silly cache add   raw: 'node-sass',
8 silly cache add   scope: null,
8 silly cache add   name: 'node-sass',
8 silly cache add   rawSpec: '',
8 silly cache add   spec: 'latest',
8 silly cache add   type: 'tag' }
9 silly addNamed node-sass@latest
10 verbose addNamed "latest" is being treated as a dist-tag for node-sass
11 info addNameTag [ 'node-sass', 'latest' ]
12 silly mapToRegistry name node-sass
13 silly mapToRegistry using default registry
14 silly mapToRegistry registry https://registry.npmjs.org/
15 silly mapToRegistry uri https://registry.npmjs.org/node-sass
16 verbose addNameTag registry:https://registry.npmjs.org/node-sass not in flight; fetching
17 verbose request uri https://registry.npmjs.org/node-sass
18 verbose request no auth needed
19 info attempt registry request try #1 at 10:49:09 AM
20 verbose request id 259f6ea4451910c3
21 verbose etag "CXBMKXUX2QBXTB3DROVNSRBMK"
22 http request GET https://registry.npmjs.org/node-sass
23 http 304 https://registry.npmjs.org/node-sass
24 verbose headers { date: 'Fri, 29 Jul 2016 15:49:13 GMT',
24 verbose headers   via: '1.1 varnish',
24 verbose headers   'cache-control': 'max-age=300',
24 verbose headers   etag: '"CXBMKXUX2QBXTB3DROVNSRBMK"',
24 verbose headers   age: '61',
24 verbose headers   connection: 'keep-alive',
24 verbose headers   'x-served-by': 'cache-atl6243-ATL',
24 verbose headers   'x-cache': 'HIT',
24 verbose headers   'x-cache-hits': '1',
24 verbose headers   'x-timer': 'S1469807353.404943,VS0,VE0',
24 verbose headers   vary: 'Accept-Encoding' }
25 silly get cb [ 304,
25 silly get   { date: 'Fri, 29 Jul 2016 15:49:13 GMT',
25 silly get     via: '1.1 varnish',
25 silly get     'cache-control': 'max-age=300',
25 silly get     etag: '"CXBMKXUX2QBXTB3DROVNSRBMK"',
25 silly get     age: '61',
25 silly get     connection: 'keep-alive',
25 silly get     'x-served-by': 'cache-atl6243-ATL',
25 silly get     'x-cache': 'HIT',
25 silly get     'x-cache-hits': '1',
25 silly get     'x-timer': 'S1469807353.404943,VS0,VE0',
25 silly get     vary: 'Accept-Encoding' } ]
26 verbose etag https://registry.npmjs.org/node-sass from cache
27 verbose get saving node-sass to /Users/devjana/.npm/registry.npmjs.org/node-sass/.cache.json
28 verbose correctMkdir /Users/devjana/.npm correctMkdir not in flight; initializing
29 silly addNameTag next cb for node-sass with tag latest
30 silly addNamed node-sass@3.8.0
31 verbose addNamed "3.8.0" is a plain semver version for node-sass
32 silly cache afterAdd node-sass@3.8.0
33 verbose afterAdd /Users/devjana/.npm/node-sass/3.8.0/package/package.json not in flight; writing
34 verbose correctMkdir /Users/devjana/.npm correctMkdir not in flight; initializing
35 verbose afterAdd /Users/devjana/.npm/node-sass/3.8.0/package/package.json written
36 silly install resolved [ { name: 'node-sass',
36 silly install resolved     version: '3.8.0',
36 silly install resolved     libsass: '3.3.6',
36 silly install resolved     description: 'Wrapper around libsass',
36 silly install resolved     license: 'MIT',
36 silly install resolved     bugs: { url: 'https://github.com/sass/node-sass/issues' },
36 silly install resolved     homepage: 'https://github.com/sass/node-sass',
36 silly install resolved     repository:
36 silly install resolved      { type: 'git',
36 silly install resolved        url: 'git+https://github.com/sass/node-sass.git' },
36 silly install resolved     author:
36 silly install resolved      { name: 'Andrew Nesbitt',
36 silly install resolved        email: 'andrewnez@gmail.com',
36 silly install resolved        url: 'http://andrew.github.com' },
36 silly install resolved     engines: { node: '>=0.10.0' },
36 silly install resolved     main: 'lib/index.js',
36 silly install resolved     nodeSassConfig: { binarySite: 'https://github.com/sass/node-sass/releases/download' },
36 silly install resolved     bin: { 'node-sass': 'bin/node-sass' },
36 silly install resolved     gypfile: true,
36 silly install resolved     scripts:
36 silly install resolved      { coverage: 'node scripts/coverage.js',
36 silly install resolved        install: 'node scripts/install.js',
36 silly install resolved        postinstall: 'node scripts/build.js',
36 silly install resolved        pretest: 'jshint bin lib scripts test',
36 silly install resolved        test: 'mocha test',
36 silly install resolved        build: 'node scripts/build.js --force',
36 silly install resolved        prepublish: 'not-in-install && node scripts/prepublish.js || in-install' },
36 silly install resolved     files: [ 'bin', 'binding.gyp', 'lib', 'scripts', 'src', 'vendor' ],
36 silly install resolved     keywords: [ 'css', 'libsass', 'preprocessor', 'sass', 'scss', 'style' ],
36 silly install resolved     dependencies:
36 silly install resolved      { 'async-foreach': '^0.1.3',
36 silly install resolved        chalk: '^1.1.1',
36 silly install resolved        'cross-spawn': '^3.0.0',
36 silly install resolved        gaze: '^1.0.0',
36 silly install resolved        'get-stdin': '^4.0.1',
36 silly install resolved        glob: '^7.0.3',
36 silly install resolved        'in-publish': '^2.0.0',
36 silly install resolved        'lodash.clonedeep': '^4.3.2',
36 silly install resolved        meow: '^3.7.0',
36 silly install resolved        mkdirp: '^0.5.1',
36 silly install resolved        nan: '^2.3.2',
36 silly install resolved        'node-gyp': '^3.3.1',
36 silly install resolved        request: '^2.61.0',
36 silly install resolved        'sass-graph': '^2.1.1' },
36 silly install resolved     devDependencies:
36 silly install resolved      { coveralls: '^2.11.8',
36 silly install resolved        istanbul: '^0.4.2',
36 silly install resolved        jshint: '^2.9.1',
36 silly install resolved        mocha: '^2.4.5',
36 silly install resolved        'mocha-lcov-reporter': '^1.2.0',
36 silly install resolved        rimraf: '^2.5.2' },
36 silly install resolved     gitHead: 'a6594d1419987c766ecfdd0ed30b6eb5f0dde4de',
36 silly install resolved     _id: 'node-sass@3.8.0',
36 silly install resolved     _shasum: 'ec0f89ae6625e1d990dc7ff713b275ea15dfee05',
36 silly install resolved     _from: 'node-sass@latest',
36 silly install resolved     _npmVersion: '3.8.3',
36 silly install resolved     _nodeVersion: '5.10.1',
36 silly install resolved     _npmUser: { name: 'xzyfer', email: 'xzyfer@gmail.com' },
36 silly install resolved     dist:
36 silly install resolved      { shasum: 'ec0f89ae6625e1d990dc7ff713b275ea15dfee05',
36 silly install resolved        tarball: 'https://registry.npmjs.org/node-sass/-/node-sass-3.8.0.tgz' },
36 silly install resolved     maintainers:
36 silly install resolved      [ [Object],
36 silly install resolved        [Object],
36 silly install resolved        [Object],
36 silly install resolved        [Object],
36 silly install resolved        [Object],
36 silly install resolved        [Object],
36 silly install resolved        [Object] ],
36 silly install resolved     _npmOperationalInternal:
36 silly install resolved      { host: 'packages-12-west.internal.npmjs.com',
36 silly install resolved        tmp: 'tmp/node-sass-3.8.0.tgz_1466206389572_0.06157258222810924' },
36 silly install resolved     directories: {},
36 silly install resolved     _resolved: 'https://registry.npmjs.org/node-sass/-/node-sass-3.8.0.tgz',
36 silly install resolved     readme: 'ERROR: No README data found!' } ]
37 info install node-sass@3.8.0 into /usr/local/lib
38 info installOne node-sass@3.8.0
39 verbose installOne of node-sass to /usr/local/lib not in flight; installing
40 verbose correctMkdir /Users/devjana/.npm/_locks correctMkdir not in flight; initializing
41 verbose lock using /Users/devjana/.npm/_locks/node-sass-42055b1ce46574a3.lock for /usr/local/lib/node_modules/node-sass
42 silly install write writing node-sass 3.8.0 to /usr/local/lib/node_modules/node-sass
43 verbose unbuild lib/node_modules/node-sass
44 silly gentlyRm /usr/local/lib/node_modules/node-sass is being purged from base /usr/local
45 verbose gentlyRm don't care about contents; nuking /usr/local/lib/node_modules/node-sass
46 verbose tar unpack /Users/devjana/.npm/node-sass/3.8.0/package.tgz
47 verbose tar unpacking to /usr/local/lib/node_modules/node-sass
48 silly gentlyRm /usr/local/lib/node_modules/node-sass is being purged
49 verbose gentlyRm don't care about contents; nuking /usr/local/lib/node_modules/node-sass
50 silly gunzTarPerm modes [ '755', '644' ]
51 error tar.unpack untar error /Users/devjana/.npm/node-sass/3.8.0/package.tgz
52 verbose unlock done using /Users/devjana/.npm/_locks/node-sass-42055b1ce46574a3.lock for /usr/local/lib/node_modules/node-sass
53 verbose fstream_path /usr/local/lib/node_modules/node-sass
54 verbose fstream_type Directory
55 verbose fstream_class DirWriter
56 verbose stack Error: EACCES: permission denied, mkdir '/usr/local/lib/node_modules/node-sass'
56 verbose stack     at Error (native)
57 verbose fstream_stack /usr/local/lib/node_modules/npm/node_modules/fstream/lib/dir-writer.js:35:25
57 verbose fstream_stack /usr/local/lib/node_modules/npm/node_modules/mkdirp/index.js:47:53
57 verbose fstream_stack FSReqWrap.oncomplete (fs.js:82:15)
58 verbose cwd /Users/devjana/Desktop/gitTemp/sassTemp
59 error Darwin 15.4.0
60 error argv "/usr/local/bin/node" "/usr/local/bin/npm" "install" "node-sass" "-g"
61 error node v4.4.0
62 error npm  v2.14.20
63 error path /usr/local/lib/node_modules/node-sass
64 error code EACCES
65 error errno -13
66 error syscall mkdir
67 error Error: EACCES: permission denied, mkdir '/usr/local/lib/node_modules/node-sass'
67 error     at Error (native)
67 error  { [Error: EACCES: permission denied, mkdir '/usr/local/lib/node_modules/node-sass']
67 error   errno: -13,
67 error   code: 'EACCES',
67 error   syscall: 'mkdir',
67 error   path: '/usr/local/lib/node_modules/node-sass',
67 error   fstream_type: 'Directory',
67 error   fstream_path: '/usr/local/lib/node_modules/node-sass',
67 error   fstream_class: 'DirWriter',
67 error   fstream_stack:
67 error    [ '/usr/local/lib/node_modules/npm/node_modules/fstream/lib/dir-writer.js:35:25',
67 error      '/usr/local/lib/node_modules/npm/node_modules/mkdirp/index.js:47:53',
67 error      'FSReqWrap.oncomplete (fs.js:82:15)' ] }
68 error Please try running this command again as root/Administrator.
69 verbose exit [ -13, true ]
70 verbose unbuild lib/node_modules/node-sass
71 silly gentlyRm /usr/local/lib/node_modules/node-sass is being purged from base /usr/local
72 verbose gentlyRm don't care about contents; nuking /usr/local/lib/node_modules/node-sass
